mode: set
github.com/artziel/go-console/decorators.go:8.20,10.2 1 0
github.com/artziel/go-console/system.go:13.29,15.16 2 1
github.com/artziel/go-console/system.go:18.2,18.44 1 1
github.com/artziel/go-console/system.go:15.16,17.3 1 0
github.com/artziel/go-console/system.go:21.38,25.2 3 0
github.com/artziel/go-console/tests.go:26.36,30.3 3 1
github.com/artziel/go-console/tests.go:41.36,45.3 3 1
github.com/artziel/go-console/tests.go:48.37,50.16 2 1
github.com/artziel/go-console/tests.go:53.2,55.15 3 1
github.com/artziel/go-console/tests.go:60.2,66.12 7 1
github.com/artziel/go-console/tests.go:72.2,75.14 4 1
github.com/artziel/go-console/tests.go:50.16,51.13 1 0
github.com/artziel/go-console/tests.go:55.15,59.3 3 1
github.com/artziel/go-console/tests.go:66.12,71.3 4 1
github.com/artziel/go-console/utilities.go:13.26,18.2 4 0
github.com/artziel/go-console/utilities.go:20.20,25.47 4 0
github.com/artziel/go-console/utilities.go:29.2,29.10 1 0
github.com/artziel/go-console/utilities.go:25.47,27.3 1 0
github.com/artziel/go-console/utilities.go:32.31,36.2 3 0
github.com/artziel/go-console/utilities.go:38.25,42.2 3 0
github.com/artziel/go-console/utilities.go:43.23,47.2 3 0
github.com/artziel/go-console/utilities.go:49.14,56.8 3 0
github.com/artziel/go-console/utilities.go:56.8,58.3 1 0
github.com/artziel/go-console/utilities.go:61.50,66.29 4 0
github.com/artziel/go-console/utilities.go:75.2,77.15 2 0
github.com/artziel/go-console/utilities.go:66.29,67.52 1 0
github.com/artziel/go-console/utilities.go:67.52,70.4 2 0
github.com/artziel/go-console/utilities.go:70.9,72.4 1 0
github.com/artziel/go-console/utilities.go:80.52,85.23 3 0
github.com/artziel/go-console/utilities.go:89.2,89.24 1 0
github.com/artziel/go-console/utilities.go:85.23,87.3 1 0
github.com/artziel/go-console/utilities.go:92.44,94.2 1 0
github.com/artziel/go-console/utilities.go:96.26,98.2 1 0
github.com/artziel/go-console/utilities.go:100.51,102.2 1 0
github.com/artziel/go-console/command.go:33.48,36.30 2 1
github.com/artziel/go-console/command.go:40.2,40.31 1 1
github.com/artziel/go-console/command.go:44.2,44.53 1 1
github.com/artziel/go-console/command.go:47.2,47.23 1 1
github.com/artziel/go-console/command.go:36.30,38.3 1 0
github.com/artziel/go-console/command.go:40.31,42.3 1 0
github.com/artziel/go-console/command.go:44.53,46.3 1 0
github.com/artziel/go-console/command.go:50.61,54.20 3 1
github.com/artziel/go-console/command.go:58.2,60.13 3 1
github.com/artziel/go-console/command.go:63.2,64.20 2 1
github.com/artziel/go-console/command.go:68.2,69.13 2 1
github.com/artziel/go-console/command.go:72.2,75.13 3 1
github.com/artziel/go-console/command.go:78.2,79.19 2 1
github.com/artziel/go-console/command.go:82.2,84.23 2 1
github.com/artziel/go-console/command.go:88.2,88.28 1 1
github.com/artziel/go-console/command.go:104.2,104.16 1 1
github.com/artziel/go-console/command.go:54.20,56.3 1 0
github.com/artziel/go-console/command.go:60.13,62.3 1 0
github.com/artziel/go-console/command.go:64.20,66.3 1 0
github.com/artziel/go-console/command.go:69.13,71.3 1 0
github.com/artziel/go-console/command.go:75.13,77.3 1 0
github.com/artziel/go-console/command.go:79.19,81.3 1 0
github.com/artziel/go-console/command.go:84.23,86.3 1 0
github.com/artziel/go-console/command.go:88.28,92.20 4 1
github.com/artziel/go-console/command.go:96.3,96.14 1 1
github.com/artziel/go-console/command.go:92.20,94.4 1 1
github.com/artziel/go-console/command.go:97.15,98.17 1 1
github.com/artziel/go-console/command.go:99.16,100.18 1 1
github.com/artziel/go-console/command.go:107.67,109.53 1 1
github.com/artziel/go-console/command.go:113.2,113.14 1 1
github.com/artziel/go-console/command.go:117.2,120.22 3 1
github.com/artziel/go-console/command.go:124.2,129.36 5 1
github.com/artziel/go-console/command.go:150.2,151.16 2 1
github.com/artziel/go-console/command.go:155.2,155.36 1 1
github.com/artziel/go-console/command.go:174.2,174.12 1 1
github.com/artziel/go-console/command.go:109.53,111.3 1 0
github.com/artziel/go-console/command.go:113.14,115.3 1 0
github.com/artziel/go-console/command.go:120.22,122.3 1 0
github.com/artziel/go-console/command.go:129.36,131.17 2 1
github.com/artziel/go-console/command.go:131.17,133.20 2 1
github.com/artziel/go-console/command.go:134.24,137.82 3 1
github.com/artziel/go-console/command.go:138.22,141.81 3 1
github.com/artziel/go-console/command.go:142.80,145.79 3 1
github.com/artziel/go-console/command.go:151.16,153.3 1 0
github.com/artziel/go-console/command.go:155.36,157.19 2 1
github.com/artziel/go-console/command.go:158.23,159.55 1 1
github.com/artziel/go-console/command.go:162.21,163.56 1 1
github.com/artziel/go-console/command.go:166.79,167.55 1 1
github.com/artziel/go-console/command.go:159.55,161.5 1 1
github.com/artziel/go-console/command.go:163.56,165.5 1 1
github.com/artziel/go-console/command.go:167.55,170.5 2 1
github.com/artziel/go-console/command.go:177.36,179.21 2 0
github.com/artziel/go-console/command.go:184.2,184.20 1 0
github.com/artziel/go-console/command.go:200.2,200.13 1 0
github.com/artziel/go-console/command.go:179.21,182.3 1 0
github.com/artziel/go-console/command.go:184.20,188.23 3 0
github.com/artziel/go-console/command.go:192.3,192.37 1 0
github.com/artziel/go-console/command.go:188.23,190.4 1 0
github.com/artziel/go-console/command.go:192.37,194.18 2 0
github.com/artziel/go-console/command.go:194.18,196.5 1 0
github.com/artziel/go-console/components.go:5.27,21.2 2 0
github.com/artziel/go-console/components.go:23.27,27.26 3 0
github.com/artziel/go-console/components.go:31.2,36.17 2 0
github.com/artziel/go-console/components.go:27.26,29.3 1 0
github.com/artziel/go-console/components.go:39.27,43.26 3 0
github.com/artziel/go-console/components.go:47.2,52.17 2 0
github.com/artziel/go-console/components.go:43.26,45.3 1 0
github.com/artziel/go-console/components.go:55.27,59.26 3 0
github.com/artziel/go-console/components.go:63.2,68.17 2 0
github.com/artziel/go-console/components.go:59.26,61.3 1 0
github.com/artziel/go-console/components.go:71.27,75.26 3 0
github.com/artziel/go-console/components.go:79.2,84.17 2 0
github.com/artziel/go-console/components.go:75.26,77.3 1 0
github.com/artziel/go-console/components.go:87.27,91.26 3 0
github.com/artziel/go-console/components.go:95.2,100.17 2 0
github.com/artziel/go-console/components.go:91.26,93.3 1 0
github.com/artziel/go-console/components.go:103.27,107.26 3 0
github.com/artziel/go-console/components.go:111.2,116.17 2 0
github.com/artziel/go-console/components.go:107.26,109.3 1 0
github.com/artziel/go-console/components.go:119.27,123.26 3 0
github.com/artziel/go-console/components.go:127.2,132.17 2 0
github.com/artziel/go-console/components.go:123.26,125.3 1 0
github.com/artziel/go-console/components.go:135.27,139.26 3 0
github.com/artziel/go-console/components.go:143.2,148.17 2 0
github.com/artziel/go-console/components.go:139.26,141.3 1 0
github.com/artziel/go-console/confirm_component.go:18.42,22.6 3 0
github.com/artziel/go-console/confirm_component.go:22.6,27.44 4 0
github.com/artziel/go-console/confirm_component.go:27.44,29.4 1 0
github.com/artziel/go-console/confirm_component.go:29.9,29.50 1 0
github.com/artziel/go-console/confirm_component.go:29.50,31.4 1 0
github.com/artziel/go-console/confirm_component.go:31.9,33.4 1 0
github.com/artziel/go-console/confirm_component.go:37.71,44.2 2 0
github.com/artziel/go-console/root.go:13.41,17.19 3 1
github.com/artziel/go-console/root.go:29.2,29.41 1 1
github.com/artziel/go-console/root.go:33.2,34.45 2 1
github.com/artziel/go-console/root.go:38.2,38.12 1 1
github.com/artziel/go-console/root.go:17.19,18.43 1 1
github.com/artziel/go-console/root.go:23.3,23.65 1 1
github.com/artziel/go-console/root.go:18.43,21.4 2 0
github.com/artziel/go-console/root.go:23.65,26.4 2 1
github.com/artziel/go-console/root.go:29.41,31.3 1 0
github.com/artziel/go-console/root.go:34.45,36.3 1 0
github.com/artziel/go-console/root.go:41.30,43.35 2 0
github.com/artziel/go-console/root.go:52.2,52.13 1 0
github.com/artziel/go-console/root.go:43.35,44.16 1 0
github.com/artziel/go-console/root.go:49.3,49.51 1 0
github.com/artziel/go-console/root.go:44.16,46.4 1 0
github.com/artziel/go-console/root.go:46.9,48.4 1 0
github.com/artziel/go-console/root.go:55.28,57.2 1 0
github.com/artziel/go-console/select_component.go:11.68,12.22 1 0
github.com/artziel/go-console/select_component.go:18.2,18.10 1 0
github.com/artziel/go-console/select_component.go:12.22,14.3 1 0
github.com/artziel/go-console/select_component.go:14.8,17.3 1 0
github.com/artziel/go-console/select_component.go:21.42,23.31 1 0
github.com/artziel/go-console/select_component.go:23.31,25.3 1 0
github.com/artziel/go-console/select_component.go:28.55,33.6 3 0
github.com/artziel/go-console/select_component.go:33.6,35.35 2 0
github.com/artziel/go-console/select_component.go:35.35,37.4 1 0
github.com/artziel/go-console/select_component.go:41.50,47.2 2 0
github.com/artziel/go-console/spinner_component.go:23.26,26.19 2 0
github.com/artziel/go-console/spinner_component.go:30.2,34.37 4 0
github.com/artziel/go-console/spinner_component.go:26.19,28.3 1 0
github.com/artziel/go-console/spinner_component.go:34.37,36.3 1 0
github.com/artziel/go-console/spinner_component.go:39.58,43.2 2 0
github.com/artziel/go-console/spinner_component.go:45.53,49.2 2 0
github.com/artziel/go-console/spinner_component.go:51.51,55.2 2 0
github.com/artziel/go-console/spinner_component.go:57.51,71.34 4 0
github.com/artziel/go-console/spinner_component.go:75.2,75.10 1 0
github.com/artziel/go-console/spinner_component.go:71.34,73.3 1 0
github.com/artziel/go-console/spinner_component.go:78.26,81.2 2 0
github.com/artziel/go-console/spinner_component.go:83.27,85.2 1 0
github.com/artziel/go-console/spinner_component.go:87.27,90.33 2 0
github.com/artziel/go-console/spinner_component.go:96.2,96.28 1 0
github.com/artziel/go-console/spinner_component.go:90.33,91.32 1 0
github.com/artziel/go-console/spinner_component.go:91.32,93.4 1 0
github.com/artziel/go-console/spinner_component.go:96.28,98.7 2 0
github.com/artziel/go-console/spinner_component.go:98.7,99.11 1 0
github.com/artziel/go-console/spinner_component.go:100.18,103.11 3 0
github.com/artziel/go-console/spinner_component.go:104.12,106.24 2 0
github.com/artziel/go-console/sample/sample.go:17.13,28.39 1 0
github.com/artziel/go-console/sample/sample.go:64.2,64.46 1 0
github.com/artziel/go-console/sample/sample.go:28.39,33.41 4 0
github.com/artziel/go-console/sample/sample.go:37.6,44.16 6 0
github.com/artziel/go-console/sample/sample.go:33.41,35.7 1 0
github.com/artziel/go-console/sample/sample.go:55.39,59.6 3 0
github.com/artziel/go-console/sample/sample.go:64.46,66.3 1 0
github.com/artziel/go-console/bash.go:19.40,21.2 1 0
github.com/artziel/go-console/bash.go:23.48,25.51 2 0
github.com/artziel/go-console/bash.go:31.2,31.10 1 0
github.com/artziel/go-console/bash.go:25.51,26.15 1 0
github.com/artziel/go-console/bash.go:29.3,29.29 1 0
github.com/artziel/go-console/bash.go:26.15,28.4 1 0
github.com/artziel/go-console/bash.go:34.36,43.22 3 0
github.com/artziel/go-console/bash.go:49.2,52.16 4 0
github.com/artziel/go-console/bash.go:63.2,63.16 1 0
github.com/artziel/go-console/bash.go:43.22,45.3 1 0
github.com/artziel/go-console/bash.go:45.8,47.3 1 0
github.com/artziel/go-console/bash.go:52.16,61.3 2 0
github.com/artziel/go-console/bash.go:66.67,71.2 1 0
github.com/artziel/go-console/colors.go:36.33,53.25 3 1
github.com/artziel/go-console/colors.go:139.2,141.18 3 1
github.com/artziel/go-console/colors.go:53.25,54.12 1 1
github.com/artziel/go-console/colors.go:55.16,56.62 1 1
github.com/artziel/go-console/colors.go:57.18,58.65 1 1
github.com/artziel/go-console/colors.go:59.15,60.63 1 1
github.com/artziel/go-console/colors.go:61.18,62.64 1 1
github.com/artziel/go-console/colors.go:64.14,65.62 1 1
github.com/artziel/go-console/colors.go:66.16,67.64 1 1
github.com/artziel/go-console/colors.go:68.17,69.65 1 1
github.com/artziel/go-console/colors.go:70.15,71.63 1 1
github.com/artziel/go-console/colors.go:72.15,73.63 1 1
github.com/artziel/go-console/colors.go:74.17,75.65 1 1
github.com/artziel/go-console/colors.go:76.16,77.64 1 1
github.com/artziel/go-console/colors.go:79.24,80.72 1 1
github.com/artziel/go-console/colors.go:81.26,82.74 1 1
github.com/artziel/go-console/colors.go:83.27,84.75 1 1
github.com/artziel/go-console/colors.go:85.25,86.73 1 1
github.com/artziel/go-console/colors.go:87.25,88.73 1 1
github.com/artziel/go-console/colors.go:89.27,90.75 1 1
github.com/artziel/go-console/colors.go:91.26,92.74 1 1
github.com/artziel/go-console/colors.go:94.19,95.72 1 1
github.com/artziel/go-console/colors.go:96.21,97.74 1 1
github.com/artziel/go-console/colors.go:98.22,99.75 1 1
github.com/artziel/go-console/colors.go:100.20,101.73 1 1
github.com/artziel/go-console/colors.go:102.20,103.73 1 1
github.com/artziel/go-console/colors.go:104.22,105.75 1 1
github.com/artziel/go-console/colors.go:106.21,107.74 1 1
github.com/artziel/go-console/colors.go:109.29,110.76 1 1
github.com/artziel/go-console/colors.go:111.29,112.76 1 1
github.com/artziel/go-console/colors.go:113.31,114.78 1 1
github.com/artziel/go-console/colors.go:115.31,116.78 1 1
github.com/artziel/go-console/colors.go:117.32,118.79 1 1
github.com/artziel/go-console/colors.go:119.32,120.79 1 1
github.com/artziel/go-console/colors.go:121.30,122.77 1 1
github.com/artziel/go-console/colors.go:123.30,124.77 1 1
github.com/artziel/go-console/colors.go:125.30,126.77 1 1
github.com/artziel/go-console/colors.go:127.30,128.77 1 1
github.com/artziel/go-console/colors.go:129.32,130.79 1 1
github.com/artziel/go-console/colors.go:131.32,132.79 1 1
github.com/artziel/go-console/colors.go:133.31,134.78 1 1
github.com/artziel/go-console/colors.go:135.31,136.78 1 1
